X:45/89 Y:22/25 S:1675/2001 B:35
##########################################################################################
#oooooooooooooooooooooooooooooooooooooooooooooooooooooooooooooooooooooooooooooooooooooooo#
#oooooooooooooooooooooooooooooooooooooooooooooooooooooooooooooooooooooooooooooooooooooooo#
#           o            o      o o o oooo                   o                           #
#  oooooooooo            o      o o o    ooo              ooooooooo  oooo                #
#  o               ooooooooooooooooooooooooo              o  o    o  o  o                #
#  o     ooooooooooo  ooooooooooooooooooooooo    oooooooooooooooo o  o  o                #
#oooooooooooooooooooooooooooooooooooooooooooooooooooooo   o  o  o o  o  o              oo#
#  o     o      ooooooooooooooooooooooooooooooooooooooo   o  o  o*o  o  oooo           o #
#  o     o      o   ooooooooooooooooooooooooooooooooooooooo  o  o o  o     o           o #
#  o     o      o   o  o        ooo o  o   oo       oooooooooooooooooooooooo           o #
#  o   ooooooooooooooooo   oooooooo o  o   oooooooooooo   ooooooooooooooooooooooooo    o #
#  o   o o      o   oooooo o    o o o  o oooooooooooooooooooooooo o  o  o         o    o #
#oooooooooooooooooo o  o o o oo o o o  o o oo        oo   o oo  o o  oooooooooooooooooooo#
#  o   oooooooooooooooooooooooooooooooooooooooooooooooooooo oo  o o  oo o      o  o      #
#  o     o      ooooooooooooooooooooooooooooooooooooooooooooooooo o  oo o      o  o      #
#oooooooooo   oooo  o  o   o  o o o o   o  oo      o oooooooooooooooooo ooooooooooooooooo#
# oooooooooooooooo  o  o   o  ooooooooo o  oo      o o    o  o  o o   ooooooooooooo      #
# ooooooooooooooooooooooooooooooooooooooooooooooooooooooooo  o  o o            o  o      #
#oooooo  o        oooooo   o    o o o o o  o       ooooooooooooooooooooooooo   o  ooooooo#
#        o          o      o    o o o oooo ooooooooooooooooo o  o          o   o  o      #
#        o          o      oo   o o o   ooooo>               o  oooooooo   ooooo  o      #
#ooooooooo          ooooooooooooooooooooo                    ooooooooooo          ooooooo#
#oooooooooooooooooooooooooooooooooooooooooooooooooooooooooooooooooooooooooooooooooooooooo#
##########################################################################################

X:79/89 Y:9/25 S:1680/2001 B:36
##########################################################################################
#oooooooooooooooooooooooooooooooooooooooooooooooooooooooooooooooooooooooooooooooooooooooo#
#oooooooooooooooooooooooooooooooooooooooooooooooooooooooooooooooooooooooooooooooooooooooo#
#           o            o      o o o oooo                   o                           #
#  oooooooooo            o      o o o    ooo              ooooooooo  oooo                #
#  o               ooooooooooooooooooooooooo              o  o    o  o  o                #
#  o     ooooooooooo  ooooooooooooooooooooooo    oooooooooooooooo o  o  o                #
#oooooooooooooooooooooooooooooooooooooooooooooooooooooo   o  o  o o  o  o              oo#
#  o     o      oooooooooooooooooooooooo   oo         o   o ooooooooooooooooooo>       o #
#  o     o      o   oooooooooooooooooooooooooooooooooooooooooo  o o  o     o           o #
#  o     o      o   o  o        o o o  o   oo   o   oooooooooooooooooooooooo           o #
#  o   ooooooooooooooooo        o o o  o   oooooooooooo   ooooooooooooooooooooooooo    o #
#  o   o o      o   oooooo      o o o  o oooooooooooooooooooooooo o  o  o         o    o #
#oooooooooooooooooo o  o o   oo o o o  o o ooo       oo   o oo  o o  oooooooooooooooooooo#
#  o   oooooooooooooooooooooooooooooooooooooooooooooooooooo oo *o o  oo o      o  o      #
#  o     o      ooooooooooooooooooooooooooooooooooooooooooooooooo o  oo o      o  o      #
#oooooooooo   oooo  o  o      o o o o   o  ooo     o oooooooooooooooooo ooooooooooooooooo#
# oooooooooooooooo  o  o      ooooooooo o  ooo     o o    o  o  o o   ooooooooooooo      #
# ooooooooooooooooooooooooooooooooooooooooooooooooooooooooo  o  o o            o  o      #
#oooooo  o        oooooo        o o o o o  o o     ooooooooooooooooooooooooo   o  ooooooo#
#        o          o           o o o oooo ooooooooooooooooo o  o          o   o  o      #
#        o          o           o o o   oooooo               o  oooooooo   ooooo  o      #
#ooooooooo          ooooooooooooooooooooo                    ooooooooooo          ooooooo#
#oooooooooooooooooooooooooooooooooooooooooooooooooooooooooooooooooooooooooooooooooooooooo#
##########################################################################################

X:53/89 Y:18/25 S:1690/2001 B:38
##########################################################################################
#oooooooooooooooooooooooooooooooooooooooooooooooooooooooooooooooooooooooooooooooooooooooo#
#oooooooooooooooooooooooooooooooooooooooooooooooooooooooooooooooooooooooooooooooooooooooo#
#           o            o      o o o oooo                   o                           #
#  oooooooooo            o      o o o    ooo              ooooooooo  oooo                #
#  o               ooooooooooooooooooooooooo              o  o    o  o  o                #
#  o     ooooooooooo  ooooooooooooooooo    o     oooooooooooooooo o  o  o                #
#oooooooooooooooooooooooooooooooooooooooooooooooooooooo   o  o  o o  o  o              oo#
#  o  *  o      oooooooooooooooooooooooo   o          o   o oooooooooooooooooooo       o #
#  o     o      o   oooooooooooooooooooooooooooooooooooooooooo  o o  o     o   o       o #
#  o     o      o   o  o        o o o  o   o    o   oooooooooooooooooooooooo   o       o #
#  o   ooooooooooooooooo        o o o  o   oooooooooo o   ooooooooooooooooooooooooo    o #
#  o   o o      o   oooooo      o o o  o oooooooooooooooooooooooo o  o  o      o  o    o #
#oooooooooooooooooo o  o o   oo o o o  o o o o        o   o oo oooooooooooooooooooooooooo#
#  o   oooooooooooooooooooooooooooooooooooooooooooooooooooo oo oo o  oo o      o  o      #
#  o     o      ooooooooooooooooooooooooooooooooooooooooooooooooo o  oo o      o  o      #
#oooooooooo   oooo  o  o      o o o o   o  o o     o  ooooooooooooooooo ooooooooooooooooo#
# oooooooooooooooo  o  o      ooooooooo o  o o     o <ooooooooooo o   ooooooooooooo      #
# ooooooooooooooooooooooooooooooooooooooooooooooooooooooooo  o  o o            o  o      #
#oooooo  o        oooooo        o o o o o  o o     ooooooooooooooooooooooooo   o  ooooooo#
#        o          o           o o o oooo ooooooooooooooooo o  o          o   o  o      #
#        o          o           o o o   oooooo               o  oooooooo   ooooo  o      #
#ooooooooo          ooooooooooooooooooooo                    ooooooooooo          ooooooo#
#oooooooooooooooooooooooooooooooooooooooooooooooooooooooooooooooooooooooooooooooooooooooo#
##########################################################################################

X:61/89 Y:6/25 S:1815/2001 B:63
##########################################################################################
#           oooooooooooooooooooooooooooooooooo                                           #
#           o                                                                            #
#     ooooo o      ooooooooooo                                                           #
#  oooooooooo      o         o                *                   ooooooooooooooooooooo  #
#oooooo   o oooooooooooooooooooooooooooooooo                 <ooooooooooooooooooooooooooo#
#  o   ooooooooooooooooooooooo             o              oooo    o  o  o  o     ooo     #
#  o   o oooo          oooooooooooooooooooooooooooooooo   o  ooooooooooooooooooo ooo     #
#  o ooooooooooooooooooooooooooooooooooooooooooooooooooooooooooooooooooooooooooo ooo     #
#  o o o o     oooooooooooooooooooooooooooooooooooooooooooooo     o  o     o   o ooo     #
#  o oooooooooooooooooooooooooooooooooooooooooooo o oooooooooooooooooooooooooooooooo     #
#ooooooooooooooooooooooo               o   oooooooooo o   ooooooooooooooooooooooooooooooo#
#  o   o o      o   oooooo             o ooooooooooooooooooooooooooooooooooooooooooo     #
#oooooooooooooooooo o  o o   oo        o o   o    ooooo   o o  oooooooooooooooooooooooooo#
#  o   oooooooooooooooooooooooooooooooooooooooooooooooooooooooooooooooo o  oo    oo      #
#  o     o      oooooooooooooooooooooooooooooooooooooooooooooooooo   oo o  ooooooooooo   #
#oooooooooo   oooo     oooooooooooooo        o    o   ooooooooooooooooo ooooooooooooooooo#
# oooooooooooooooo     oo     ooooooooo      o    oooooooooooooo o    ooooooooooooooooo  #
#oooooooooooooooooooooooooooooooooooooooooooooooooooooooooo      o         oooooooooooooo#
#oooooo ooooooooooooooooooooooooooooooooooooooooo         o    ooo                ooooooo#
#       oo       o      oooo          oooo   o  o         oooooo                  o      #
#       ooooooooooooooooo  ooooooooooooooooooo  oooooooooooooooooooo              o      #
#ooooooooo       ooooooooooooooooooooooooooooooooooooooooooooo                    ooooooo#
#                                                                                        #
##########################################################################################


X:47/89 Y:5/25 S:1815/2001 B:63
##########################################################################################
#           ooooooooooooooooo                                                            #
#           o                                                                            #
#     ooooo o      ooooooooooo                    oooo                                   #
#  oooooooooo      o         o                *<ooo  o            ooooooooooooooooooooo  #
#oooooo   o oooooooooooooooooooooooooooooooo         oooooooooooooooooooooooooooooooooooo#
#  o   ooooooooooooooooooooooo             o              oooo    o  o  o  o     ooo     #
#  o   o oooo          oooooooooooooooooooooooooooooooo   o  ooooooooooooooooooo ooo     #
#  o ooooooooooooooooooooooooooooooooooooooooooooooooooooooooooooooooooooooooooo ooo     #
#  o o o o     oooooooooooooooooooooooooooooooooooooooooooooo     o  o     o   o ooo     #
#  o oooooooooooooooooooooooooooooooooooooooooooo o oooooooooooooooooooooooooooooooo     #
#ooooooooooooooooooooooo               o   oooooooooo o   ooooooooooooooooooooooooooooooo#
#  o   o o      o   oooooo             o ooooooooooooooooooooooooooooooooooooooooooo     #
#oooooooooooooooooo o  o o   oo        o o   o    ooooo   o o  oooooooooooooooooooooooooo#
#  o   oooooooooooooooooooooooooooooooooooooooooooooooooooooooooooooooo o  oo    oo      #
#  o     o      oooooooooooooooooooooooooooooooooooooooooooooooooo   oo o  ooooooooooo   #
#oooooooooo   oooo     oooooooooooooo        o    o   ooooooooooooooooo ooooooooooooooooo#
# oooooooooooooooo     oo     ooooooooo      o    oooooooooooooo o    ooooooooooooooooo  #
#oooooooooooooooooooooooooooooooooooooooooooooooooooooooooo      o         oooooooooooooo#
#oooooo ooooooooooooooooooooooooooooooooooooooooo         o    ooo                ooooooo#
#       oo       o      oooo          oooo   o  o         oooooo                  o      #
#       ooooooooooooooooo  ooooooooooooooooooo  oooooooooooooooooooo              o      #
#ooooooooo       ooooooooooooooooooooooooooooooooooooooooooooo                    ooooooo#
#                                                                                        #
##########################################################################################

Another example invocation where the snake head is in the snake and where the snake
hadn't yet moved:

	    CANNIBAL=1 SIZE=1500 GROW=2 MAXSIZE=1600 ./prog

X:55/89 Y:11/25 S:1564/1600 B:32
##########################################################################################
#                 oooo           ooooooooooooooooooooooooo       o                       #
#                 o  ooooooooooooooooooooooooooooooooooooooooooooo ooooooooooooooooo     #
#ooo              o            o                         o       o o               oooooo#
#  o              o            o        oooooooooooooooooooooooooo o                     #
#oooooooooooooooooooooooooo    o      ooo                o      oo oooooooooooooooooooooo#
#oooooooooooooooooooooooooooooooooooooooooooooooooooooooooooooooooooooooooooooooooooooooo#
#  o   o        ooooooooooooo oooooooooooooooooooooo    ooo     oo     o o           o oo#
#ooo   o        o         oooooo      o         oooo    ooo     oo     o o           oooo#
#  o   o        o           oooo      o         o oo    ooo     oooooooooooooooooo     oo#
#  o   o        o ooooooooooooo  oooooooooooooooo ooooo<oooooooooooooooooooooooooooooo   #
#  o   o        o o      ooooooooo    oooooooooooooooooooooooooooo     o o       o   o   #
#  o   ooooooo  o o      o    oooooooooooooo       o    o o      o     o o       ooooo   #
#  o         o  o o      o    o          o         o    o o      o     o o               #
#  o         o  o o      o    o          o*    ooooooooooooooooooo     o o        ooo    #
#  o         o  o o      o    oooooooooooooooooooooooooooooooooooooooooooo        o o    #
#  oooooooooooooo o      o    oo      o  o     oooooooooooooooooooooooooooooooooooooo    #
#     o      oo   o      o    oo  oooooooooooooo   o    o o            oooooooooooo      #
#oooooo      oo   oooooooooooooo  o   o  o         o    o o        ooo             oooooo#
#            ooooo       o    o   o   o  oooooooooooooooooooooooooooooooo          o     #
#             o  oooooooooooooo   o   o            o    o    ooooooooo  o          o     #
#             o          o        oooooo           o    oooooooooooo    o          o     #
#             oooooooooooooooooooooooooooooooooooooooooooooooooooo      ooo        o     #
#                        ooooooooooo   ooooooooooooo             o        oooooooooo     #
##########################################################################################
